<?xml version="1.0" encoding="UTF-8"?>
<!-- Generated by org.testng.reporters.JUnitReportReporter -->
<testsuite hostname="OmSriSaiRam" failures="0" tests="3" name="tests.SearchOption" time="11.925" errors="0" timestamp="2024-07-24T21:30:22 IST" skipped="0">
  <testcase classname="tests.SearchOption" name="searchExistingProduct" time="3.078"/>
  <testcase classname="tests.SearchOption" name="searchInvalidProduct" time="2.642"/>
  <testcase classname="tests.SearchOption" name="clickingSearchButtonWithOutText" time="6.205"/>
</testsuite> <!-- tests.SearchOption -->
