<?xml version="1.0" encoding="UTF-8"?>
<!-- Generated by org.testng.reporters.JUnitReportReporter -->
<testsuite hostname="OmSriSaiRam" failures="0" tests="2" name="tests.Register" time="6.614" errors="0" timestamp="2024-07-24T20:06:50 IST" skipped="0">
  <testcase classname="tests.Register" name="registerWithAllFields" time="3.353"/>
  <testcase classname="tests.Register" name="registerWithNoFields" time="3.261"/>
</testsuite> <!-- tests.Register -->
